Refresh Official Sources	UNKNOWN STEP	2026-05-09T04:51:24.8684400Z 2026-05-09T04:51:24.578Z [build-site] info: Language decision for the-rehabilitation-council-of-india-act-1992/te: sections=0, parts=0, sources=0, status=unavailable
Refresh Official Sources	UNKNOWN STEP	2026-05-09T04:51:24.8684748Z 2026-05-09T04:51:24.578Z [build-site] info: Writing catalog with 845 law entries
Refresh Official Sources	UNKNOWN STEP	2026-05-09T04:51:26.3297268Z 2026-05-09T04:51:26.329Z [build-site] info: Writing favicon
Refresh Official Sources	UNKNOWN STEP	2026-05-09T04:51:26.3299390Z 2026-05-09T04:51:26.329Z [build-site] info: Copying stylesheet
Refresh Official Sources	UNKNOWN STEP	2026-05-09T04:51:26.3303470Z 2026-05-09T04:51:26.330Z [build-site] info: Bundling React application with esbuild
Refresh Official Sources	UNKNOWN STEP	2026-05-09T04:51:26.3687583Z 2026-05-09T04:51:26.368Z [build-site] info: Computed asset hashes: site.css=614536bfeda4, app.js=ef4383e3701a
Refresh Official Sources	UNKNOWN STEP	2026-05-09T04:51:26.3688508Z 2026-05-09T04:51:26.368Z [build-site] info: Writing application shell
Refresh Official Sources	UNKNOWN STEP	2026-05-09T04:51:26.3691221Z 2026-05-09T04:51:26.369Z [build-site] info: Writing refresh progress to data/cache/refresh-status.lino
Refresh Official Sources	UNKNOWN STEP	2026-05-09T04:51:26.4965807Z 2026-05-09T04:51:26.496Z [build-site] warn: Generated partial 845 law entries in docs
Refresh Official Sources	UNKNOWN STEP	2026-05-09T04:51:26.5291188Z + status=75
Refresh Official Sources	UNKNOWN STEP	2026-05-09T04:51:26.5291565Z + set -e
Refresh Official Sources	UNKNOWN STEP	2026-05-09T04:51:26.5291840Z + echo ::endgroup::
Refresh Official Sources	UNKNOWN STEP	2026-05-09T04:51:26.5292386Z + commit_generated 'Refresh generated law pages (chunk 1)'
Refresh Official Sources	UNKNOWN STEP	2026-05-09T04:51:26.5292945Z + local 'message=Refresh generated law pages (chunk 1)'
Refresh Official Sources	UNKNOWN STEP	2026-05-09T04:51:26.5293624Z + echo 'Staging generated docs and cache for commit: Refresh generated law pages (chunk 1)'
Refresh Official Sources	UNKNOWN STEP	2026-05-09T04:51:26.5293959Z + git add docs
Refresh Official Sources	UNKNOWN STEP	2026-05-09T04:51:26.5294343Z ##[endgroup]
Refresh Official Sources	UNKNOWN STEP	2026-05-09T04:51:26.5294693Z Staging generated docs and cache for commit: Refresh generated law pages (chunk 1)
Refresh Official Sources	UNKNOWN STEP	2026-05-09T04:51:26.7732843Z + git add data/laws.discovered.lino data/regional-sources.discovered.lino
Refresh Official Sources	UNKNOWN STEP	2026-05-09T04:51:26.7750762Z The following paths are ignored by one of your .gitignore files:
Refresh Official Sources	UNKNOWN STEP	2026-05-09T04:51:26.7751229Z data/laws.discovered.lino
Refresh Official Sources	UNKNOWN STEP	2026-05-09T04:51:26.7751590Z data/regional-sources.discovered.lino
Refresh Official Sources	UNKNOWN STEP	2026-05-09T04:51:26.7752039Z hint: Use -f if you really want to add them.
Refresh Official Sources	UNKNOWN STEP	2026-05-09T04:51:26.7752627Z hint: Disable this message with "git config set advice.addIgnoredFile false"
Refresh Official Sources	UNKNOWN STEP	2026-05-09T04:51:26.7765711Z ##[error]Process completed with exit code 1.
Refresh Official Sources	UNKNOWN STEP	2026-05-09T04:51:26.7841911Z Post job cleanup.
