2026-05-10T09:30:20.656Z [build-site] info: Starting site build in offline mode
2026-05-10T09:30:20.659Z [build-site] info: Inputs: manifest=data/laws.seed.lino, languages=data/languages.lino, regionalSources=data/regional-sources.seed.lino, output=../indian-law-ci-offline-site
2026-05-10T09:30:20.659Z [build-site] info: Options: maxLines=1500, delayMs=1100, maxLaws=all, maxSections=all, cacheDir=none, cacheTtlDays=30, maxRuntimeMs=none, progressIntervalMs=30000, progressFile=none, pathAlias=indian-law, verboseDefault=true
2026-05-10T09:30:20.659Z [build-site] info: Reading manifest from data/laws.seed.lino
2026-05-10T09:30:20.678Z [build-site] info: Reading language config from data/languages.lino
2026-05-10T09:30:20.684Z [build-site] info: Reading regional sources from data/regional-sources.seed.lino
2026-05-10T09:30:20.687Z [build-site] info: Loaded 4 manifest law(s), 7 language(s), 1 regional source record(s)
2026-05-10T09:30:20.687Z [build-site] info: Selected 4 law(s) for this run
2026-05-10T09:30:20.687Z [build-site] info: Preparing law 1/4: The Copyright Act, 1957 (seed data)
2026-05-10T09:30:20.688Z [build-site] info: Preparing law 2/4: The Bharatiya Nyaya Sanhita, 2023 (seed data)
2026-05-10T09:30:20.688Z [build-site] info: Preparing law 3/4: The Bharatiya Nagarik Suraksha Sanhita, 2023 (seed data)
2026-05-10T09:30:20.688Z [build-site] info: Preparing law 4/4: The Bharatiya Sakshya Adhiniyam, 2023 (seed data)
2026-05-10T09:30:20.689Z [build-site] info: Writing site output to ../indian-law-ci-offline-site
2026-05-10T09:30:20.689Z [build-site] info: Removing generated laws/assets/data output from previous build
2026-05-10T09:30:20.695Z [build-site] info: Creating output asset and data directories
2026-05-10T09:30:20.696Z [build-site] info: Cataloging law copyright-act-1957: The Copyright Act, 1957
2026-05-10T09:30:20.696Z [build-site] info: Language decision for copyright-act-1957/en: sections=3, parts=1, sources=2, status=markdown
2026-05-10T09:30:20.696Z [build-site] info: Creating markdown directory ../indian-law-ci-offline-site/laws/en/copyright-act-1957
2026-05-10T09:30:20.698Z [build-site] info: Writing markdown part ../indian-law-ci-offline-site/laws/en/copyright-act-1957/part-001.md with 3 section(s) and 48 line(s)
2026-05-10T09:30:20.699Z [build-site] info: Language decision for copyright-act-1957/hi: sections=0, parts=0, sources=1, status=source-only
2026-05-10T09:30:20.699Z [build-site] info: Language decision for copyright-act-1957/bn: sections=0, parts=0, sources=0, status=unavailable
2026-05-10T09:30:20.699Z [build-site] info: Language decision for copyright-act-1957/kn: sections=0, parts=0, sources=0, status=unavailable
2026-05-10T09:30:20.699Z [build-site] info: Language decision for copyright-act-1957/mr: sections=0, parts=0, sources=0, status=unavailable
2026-05-10T09:30:20.699Z [build-site] info: Language decision for copyright-act-1957/ta: sections=0, parts=0, sources=0, status=unavailable
2026-05-10T09:30:20.699Z [build-site] info: Language decision for copyright-act-1957/te: sections=0, parts=0, sources=0, status=unavailable
2026-05-10T09:30:20.699Z [build-site] info: Cataloging law bharatiya-nyaya-sanhita-2023: The Bharatiya Nyaya Sanhita, 2023
2026-05-10T09:30:20.699Z [build-site] info: Language decision for bharatiya-nyaya-sanhita-2023/en: sections=0, parts=0, sources=1, status=source-only
2026-05-10T09:30:20.699Z [build-site] info: Language decision for bharatiya-nyaya-sanhita-2023/hi: sections=0, parts=0, sources=0, status=unavailable
2026-05-10T09:30:20.699Z [build-site] info: Language decision for bharatiya-nyaya-sanhita-2023/bn: sections=0, parts=0, sources=0, status=unavailable
2026-05-10T09:30:20.699Z [build-site] info: Language decision for bharatiya-nyaya-sanhita-2023/kn: sections=0, parts=0, sources=0, status=unavailable
2026-05-10T09:30:20.699Z [build-site] info: Language decision for bharatiya-nyaya-sanhita-2023/mr: sections=0, parts=0, sources=0, status=unavailable
2026-05-10T09:30:20.699Z [build-site] info: Language decision for bharatiya-nyaya-sanhita-2023/ta: sections=0, parts=0, sources=0, status=unavailable
2026-05-10T09:30:20.699Z [build-site] info: Language decision for bharatiya-nyaya-sanhita-2023/te: sections=0, parts=0, sources=0, status=unavailable
2026-05-10T09:30:20.699Z [build-site] info: Cataloging law bharatiya-nagarik-suraksha-sanhita-2023: The Bharatiya Nagarik Suraksha Sanhita, 2023
2026-05-10T09:30:20.699Z [build-site] info: Language decision for bharatiya-nagarik-suraksha-sanhita-2023/en: sections=0, parts=0, sources=1, status=source-only
2026-05-10T09:30:20.699Z [build-site] info: Language decision for bharatiya-nagarik-suraksha-sanhita-2023/hi: sections=0, parts=0, sources=0, status=unavailable
2026-05-10T09:30:20.699Z [build-site] info: Language decision for bharatiya-nagarik-suraksha-sanhita-2023/bn: sections=0, parts=0, sources=0, status=unavailable
2026-05-10T09:30:20.699Z [build-site] info: Language decision for bharatiya-nagarik-suraksha-sanhita-2023/kn: sections=0, parts=0, sources=0, status=unavailable
2026-05-10T09:30:20.699Z [build-site] info: Language decision for bharatiya-nagarik-suraksha-sanhita-2023/mr: sections=0, parts=0, sources=0, status=unavailable
2026-05-10T09:30:20.699Z [build-site] info: Language decision for bharatiya-nagarik-suraksha-sanhita-2023/ta: sections=0, parts=0, sources=0, status=unavailable
2026-05-10T09:30:20.699Z [build-site] info: Language decision for bharatiya-nagarik-suraksha-sanhita-2023/te: sections=0, parts=0, sources=0, status=unavailable
2026-05-10T09:30:20.699Z [build-site] info: Cataloging law bharatiya-sakshya-adhiniyam-2023: The Bharatiya Sakshya Adhiniyam, 2023
2026-05-10T09:30:20.699Z [build-site] info: Language decision for bharatiya-sakshya-adhiniyam-2023/en: sections=0, parts=0, sources=1, status=source-only
2026-05-10T09:30:20.699Z [build-site] info: Language decision for bharatiya-sakshya-adhiniyam-2023/hi: sections=0, parts=0, sources=0, status=unavailable
2026-05-10T09:30:20.699Z [build-site] info: Language decision for bharatiya-sakshya-adhiniyam-2023/bn: sections=0, parts=0, sources=0, status=unavailable
2026-05-10T09:30:20.699Z [build-site] info: Language decision for bharatiya-sakshya-adhiniyam-2023/kn: sections=0, parts=0, sources=0, status=unavailable
2026-05-10T09:30:20.699Z [build-site] info: Language decision for bharatiya-sakshya-adhiniyam-2023/mr: sections=0, parts=0, sources=0, status=unavailable
2026-05-10T09:30:20.699Z [build-site] info: Language decision for bharatiya-sakshya-adhiniyam-2023/ta: sections=0, parts=0, sources=0, status=unavailable
2026-05-10T09:30:20.699Z [build-site] info: Language decision for bharatiya-sakshya-adhiniyam-2023/te: sections=0, parts=0, sources=0, status=unavailable
2026-05-10T09:30:20.699Z [build-site] info: Writing catalog with 4 law entries
2026-05-10T09:30:20.723Z [build-site] info: Writing favicon
2026-05-10T09:30:20.723Z [build-site] info: Copying stylesheet
2026-05-10T09:30:20.724Z [build-site] info: Bundling React application with esbuild
2026-05-10T09:30:20.779Z [build-site] info: Computed asset hashes: site.css=614536bfeda4, app.js=4bddb38227c6
2026-05-10T09:30:20.779Z [build-site] info: Writing application shell
2026-05-10T09:30:20.779Z [build-site] info: Writing path alias shell ../indian-law-ci-offline-site/indian-law/index.html
2026-05-10T09:30:20.780Z [build-site] info: Site build completed in 0m 0s
Generated 4 law entries in ../indian-law-ci-offline-site
