--- page 1 ---
भारतीय राष्‍टरी य राजमार्ग प्र ाधिकरण अधिधियम, 1988
(1988 का अधिधियम संखयां क 68 )
[19 दिसंबर, 1988]
राष्‍टरी य राजमार्ों के धिकास, अिुरक्षण और प्र बंि के
धिए एक प्र ाधिकरण का र् ठि करिे तथा
उससे संब द्ध या उसके आिुषंधर्क
धिषयों के धिए उपबंि
करिे के धिए
अधि धियम
भारत र् णराज्य के उितािीसिें िषग में संसि् द्व ारा धिम्ि धिधित रू प में यह अधिधियधमत हो: ––
अध्या य 1 प्र
ारंधभक
1. संधक्षप्त िाम, धिस्ता र और प्र ारंभ –– (1) इस अधिधियम का संधक्षप्त िाम भारतीय राष्‍टरी य राजमार्ग प्र ाधिकरण
अधिधियम, 1988 है।
(2) इ सका धिस्ता र संपूणग भारत पर है।
(3) यह उस तारीि को प्र िृत्त हो र् ा जो केंद्रीय सरकार, राजपत्र में अधिसूचिा द्व ारा, धियत करे।
2. पररभाषाएं –– इस अधिधियम में, जब तक दक संिभग से अन्य था अपेधक्षत ि हो, ––
( क ) “ प्र ाधिकरण ” से िारा 3 के अिीि र् रठत भारतीय राष्‍टरी य राजमार्ग प्र ाधिकरण अधभप्रेत है;
( ि ) “ अध्य क्ष ” से प्र ाधिकरण का अध्य क्ष अधभप्रेत है;
( र् ) “ कमगचारी ” से प्र ाधिकरण में पूणगकाधिक सेिारत व् य धत अधभप्रेत है;
( घ ) “ सिस्य ” से प्र ाधिकरण का िारा 3 के अिीि धियुत सिस्य अधभप्रेत है और इसमें अध्य क्ष भी है;
( ङ ) “ राष्‍टरी य राजमार्ग ” से राष्‍टरी य राजमार्ग अधिधियम, 1956 (1956 का 48) की िारा 2 के अिीि तत्स मय
राष्‍टरी य राजमार्ग के रू प में घोधषत कोई राजमा र् ग अधभप्रेत है;
( च ) “ धिधहत ” से इस अधिधियम के अिीि बिाए र् ए धियमों द्व ारा धिधहत अधभप्रेत है;
( छ ) “ धिधियम ” से प्र ाधिकरण द्व ारा इस अधिधियम के अिीि बिाए र् ए धिधियम अधभप्रेत हैं;
( ज ) उि शब्िों और पिों के जो इसमें प्र युत हैं और पररभाधषत िहीं हैं ककंतु राष्‍टरी य राजमार्ग अधिधियम, 1956
(1956 का 48) में पररभाधषत हैं, िही अथग होंर्े जो उिके उ स अधिधियम में हैं।
अध्या य 2
भारतीय राष्‍टरी य राजमार्ग प्र ाधिकरण
3. प्र ाधिकरण का र् ठि –– (1) इस अधिधियम के प्र योजिों के धिए ऐसी तारीि से जो केंद्रीय सरकार, राजपत्र में अधिसूचिा द्व
ारा, इस धिधमत्त धियत करे, एक प्र ाधिकरण का र् ठि दकया जाएर्ा धजसका िाम भारतीय रा ष्‍ट री य राजमार्ग प्र ाधिकरण होर्ा।
(2) यह प्र ाधिकरण पूिोत िाम का, शाश्ि त उत्तराधिकार और सामान्य मुद्रा िािा, एक धिर् धमत धिकाय होर्ा धजसे इस
अधिधियम के उपबंिों के अिीि रहते हु ए, जंर्म और स् था िर, िोिों प्र कार की संपधत्त का अजगि, िारण तथा व् य यि करिे की और
संधििा करिे की शधत होर्ी और उ त िाम से यह िाि िा सकेर्ा और इस पर िाि िाया जा सकेर्ा।
1 [(3) प्र ाधिकरण में धिम्ि धिधित होंर्े, धजन्हें केन् द्री य सरकार, राजपत्र में अधिसूचिा द्व ारा, धियुत करेर्ी: ––
(i) अध्य क्ष;
(ii) पूणगकाधिक सिस्य, जो छह से अधिक िहीं होंर्े; और
(iii) अशंकाधिक सिस्य, जो छह से अधिक िहीं होंर्े:
1 2013 के अधिधियम सं ० 19 की िारा 2 द्व ारा प्र धतस्था धपत।
--- page 2 ---
2
परंतु केन् द्री य सरकार, अंशकाधिक सिस्यों को धियुत करते समय यह सुधिधश्च त करेर्ी दक उिमें से कम से कम िो सिस्य
ऐसे र्ै र सरकारी िृधत्तक हों, धजन्हें धित्तीय प्र बंि, पररिहि योजिा या दकसी अन्य सुसंर्त धिद्या शािा में ज्ञ ाि या अिुभि हो। ]
4. सिस्यों की पिािधि और सेिा की शतें –– सिस्यों की पिािधि और सेिा की अन्य शतें ऐसी होंर्ी जो धिधहत की जाएं।
5. सिस्य के रू प में धियुधत के धिए धिरहगताएं –– कोई व् य धत सिस्य के रू प में धि युधत के धिए धिरर्हग त होर्ा यदि िह, ––
( क ) ऐेसे दकसी अपरा ि के धिए धसद्धिोष ठहराया र् या है और कारािास से िंडादिष्‍ट ट दकया र् या है धजसमें, केंद्रीय
सरकार की राय में, िैधतक अिमता अंतर्ग्गस्त है; या
( ि ) अििुमोधचत दििा धिया है; या
( र् ) धिकृत धचत्त का है और सक्ष म न् या यािय द्व ारा ऐसा घोधषत कर दिया र् या है; या
( घ ) सरकार की या सरकार के स् िा धमत्िा िीि या धियंत्रणा िीि दकसी धिर्म की सेिा से हटा दिया र् या है या
पिच्यु त कर दिया है; या
( ङ ) केंद्रीय सरकार की राय में, प्र ाधिकरण में ऐसा धित्तीय या अन्य धहत रिता है धज सका उसके सिस्य के रू प में
उसके द्व ारा कृत्यों के धििगहि पर प्र धतकूि प्र भाि पड़ सक ता है।
6. पुिर्िगयुधत के धिए सिस्य की पात्रता –– सेिा के ऐसे अन्य धिबंििों और शतों के अिीि रहते हु ए जैसी धिधहत की जाए
कोई व् य धत, जो सिस्य िहीं रह र् या है, ऐसे सिस्य के रू प में पुिर्िगयुधत का पात्र होर्ा।
7. अधििेशि –– (1) प्र ाधिकरण के अधि िेशि ऐसे समय और स् था ि पर होंर्े और उि अधििेशिों में दकए जािे िािे कायग के
बारे में, धजसके अंतर्गत ऐसे अधििेशिों में र् णपूर्तग भी है, प्र दिया के ऐसे धियमों का पािि दकया जाए र् ा, जो धिधियमों द्व ारा उपबंधित
दकए जाएं।
(2) यदि दकसी कारण से अध्य क्ष प्र ाधिकरण के दकसी अधििेशि में उपधस्थ त होिे में असमथग है तो, उस अधििेशि में उपधस्थ त
सिस्यों द्व ारा चुिा र् या कोई अन्य सिस्य अधििेशि का सभापधतत्ि करेर्ा।
(3) ऐसे सभी प्रश् ि जो प्र ाधिकरण के दकसी अधििेशि के समक्ष आएं उपधस्थ त और म तिाि करिे िािे सिस्यों के बहुम त से
धिधिधश्च त दकए जाएंर्े, और मतों के बराबर होिे की िशा में अध्य क्ष का, अथिा उसकी अिुपधस्थ धत में पीठासीि व् य धत का, िूसरा या
धिणागयक मत होर्ा और िह उसका प्र योर् करेर्ा।
8. प्र ाधिकरण में ररधत से कायगिाधहयों का अधिधिमान्य ि होिा –– प्र ाधिकरण का कोई कायग या कायग िाही, केिि इस कारण
अधिधिमान्य िहीं होर्ी, दक ––
( क ) प्र ाधिकरण में कोई ररधत है या उसके र् ठि में कोई त्रु रट है; या
( ि ) प्र ाधिकरण के सिस्य के रू प में कायग करिे िािे दकसी व् य धत की धियुधत में कोई त्रु रट है; या
( र् ) प्र ाधिकरण द्व ारा अपिाई जािे िािी प्र दिया में कोई ऐसी अधियधमतता है, जो मामिे के र्ु णा र्ु ण को प्र भाधित
िहीं करती है।
9. प्र ाधिकरण के अधिकाररयों, परामशगिाताओं और अन्य कमगचाररयों की धि युधत –– (1) प्र ाधिकरण अपिे कतगव्यों का धििगहि
करिे के प्र योजिाथग, उतिे अधिकारी और अन्य कमगचारी जो िह आिश्य क समझता है, और ऐसे धिबंििों और शतों पर, जो धिधियमों द्व
ारा अधिकधथत दकए जाएं, धियुत कर सकेर्ा।
(2) प्र ा धिकरण, समय - समय पर, दकसी व् य धत को सिाहकार या परामशगिाता के रू प में, जैसा िह आिश्य क समझे, ऐसे
धिबंििों और शतों पर जो धिधियमों द्व ारा अधिकधथत दकए जाएं, धियुत कर सकेर्ा।
10. प्र ाधिकरण का कारबार के धसद्धांतों पर चििा –– इस अधिधियम के अिीि अपिे कृत् यों के धििगहि में प्र ाधिकरण, जहां
तक हो सके, कारबार के धसद्धांतों पर चिेर्ा।
अध्या य 3
संपधत्त और संधििा
11. प्र ाधिकरण में कोई भी राष्‍टरी य राजमार्ग धिधहत करिे या उसे सौंपिे की केंद्रीय सरकार की शधत –– केंद्रीय सरकार,
समय - स मय पर, राजपत्र में अधिसूचिा द्व ारा, ऐसे राष्‍टरी य राजमार्ग या उ सके दकसी भार् को, जो उस अधिसूचिा में धिधिर्िगष्‍टट दकया
जाए, प्र ाधिकरण में धिधहत कर सकेर्ी या उसे सौंप सकेर्ी।
12. केंद्रीय सरकार की आधस्त यों और िाधयत्िों का प्र ाधिकरण को अंतरण –– (1) िारा 11 के अिीि अधिसूचिा के प्र
काशि से ही ––
