TAP version 13
# Subtest: refresh workflow force-adds ignored discovered manifests before checkpoint commits
ok 1 - refresh workflow force-adds ignored discovered manifests before checkpoint commits
  ---
  duration_ms: 4.748913
  ...
# Subtest: refresh workflow prints checkpoint staging diagnostics
ok 2 - refresh workflow prints checkpoint staging diagnostics
  ---
  duration_ms: 1.099893
  ...
# Subtest: CI workflow treats live-source partial output as a recoverable smoke result
ok 3 - CI workflow treats live-source partial output as a recoverable smoke result
  ---
  duration_ms: 1.049047
  ...
1..3
# tests 3
# suites 0
# pass 3
# fail 0
# cancelled 0
# skipped 0
# todo 0
# duration_ms 50.329313
