TAP version 13
# Subtest: refresh workflow force-adds ignored discovered manifests before checkpoint commits
ok 1 - refresh workflow force-adds ignored discovered manifests before checkpoint commits
  ---
  duration_ms: 5.158504
  ...
# Subtest: refresh workflow prints checkpoint staging diagnostics
ok 2 - refresh workflow prints checkpoint staging diagnostics
  ---
  duration_ms: 1.065241
  ...
# Subtest: CI workflow treats live-source partial output as a recoverable smoke result
not ok 3 - CI workflow treats live-source partial output as a recoverable smoke result
  ---
  duration_ms: 2.413525
  location: '/tmp/gh-issue-solver-1778345747770/tests/workflow-refresh.test.mjs:55:1'
  failureType: 'testCodeFailure'
  error: |-
    The input did not match the regular expression /status=\$?/. Input:

    'name: CI\n' +
      '\n' +
      'on:\n' +
      '  pull_request:\n' +
      '    types: [opened, synchronize, reopened, ready_for_review]\n' +
      '  push:\n' +
      '    branches:\n' +
      '      - main\n' +
      '      - issue-1-983a320683f7\n' +
      '  workflow_dispatch:\n' +
      '\n' +
      'jobs:\n' +
      '  test:\n' +
      '    name: Test and Offline Build\n' +
      '    runs-on: ubuntu-latest\n' +
      '    timeout-minutes: 10\n' +
      '    permissions:\n' +
      '      contents: read\n' +
      '    steps:\n' +
      '      - name: Checkout\n' +
      '        uses: actions/checkout@v6\n' +
      '\n' +
      '      - name: Setup Node\n' +
      '        uses: actions/setup-node@v6\n' +
      '        with:\n' +
      '          node-version: 20\n' +
      '          cache: npm\n' +
      '\n' +
      '      - name: Install\n' +
      '        run: npm ci\n' +
      '\n' +
      '      - name: Test\n' +
      '        run: npm test\n' +
      '\n' +
      '      - name: Build deterministic React Pages artifact\n' +
      '        run: node scripts/build-site.mjs --offline --output /tmp/indian-law-ci-offline-site\n' +
      '\n' +
      '      - name: Discover one Central Act smoke sample\n' +
      '        run: >\n' +
      '          node scripts/discover-laws.mjs\n' +
      '          --limit 1\n' +
      '          --output /tmp/indian-law-ci-discovered.lino\n' +
      '          --delay-ms 0\n' +
      '\n' +
      '      - name: Build one live law smoke sample\n' +
      '        run: >\n' +
      '          node scripts/build-site.mjs\n' +
      '          --fetch\n' +
      '          --manifest data/laws.seed.lino\n' +
      '          --regional-sources data/regional-sources.seed.lino\n' +
      '          --max-laws 1\n' +
      '          --max-sections 1\n' +
      '          --output /tmp/indian-law-ci-live-site\n' +
      '          --delay-ms 0\n' +
      '\n' +
      '      - name: Download one official law corpus smoke sample\n' +
      '        run: >\n' +
      '          node scripts/smoke-download-source.mjs\n' +
      '          --manifest data/laws.seed.lino\n' +
      '          --max-sources 1\n' +
      '          --output /tmp/indian-law-ci-source\n' +
      '          --delay-ms 1100\n'

  code: 'ERR_ASSERTION'
  name: 'AssertionError'
  expected:
  actual: |-
    name: CI

    on:
      pull_request:
        types: [opened, synchronize, reopened, ready_for_review]
      push:
        branches:
          - main
          - issue-1-983a320683f7
      workflow_dispatch:

    jobs:
      test:
        name: Test and Offline Build
        runs-on: ubuntu-latest
        timeout-minutes: 10
        permissions:
          contents: read
        steps:
          - name: Checkout
            uses: actions/checkout@v6

          - name: Setup Node
            uses: actions/setup-node@v6
            with:
              node-version: 20
              cache: npm

          - name: Install
            run: npm ci

          - name: Test
            run: npm test

          - name: Build deterministic React Pages artifact
            run: node scripts/build-site.mjs --offline --output /tmp/indian-law-ci-offline-site

          - name: Discover one Central Act smoke sample
            run: >
              node scripts/discover-laws.mjs
              --limit 1
              --output /tmp/indian-law-ci-discovered.lino
              --delay-ms 0

          - name: Build one live law smoke sample
            run: >
              node scripts/build-site.mjs
              --fetch
              --manifest data/laws.seed.lino
              --regional-sources data/regional-sources.seed.lino
              --max-laws 1
              --max-sections 1
              --output /tmp/indian-law-ci-live-site
              --delay-ms 0

          - name: Download one official law corpus smoke sample
            run: >
              node scripts/smoke-download-source.mjs
              --manifest data/laws.seed.lino
              --max-sources 1
              --output /tmp/indian-law-ci-source
              --delay-ms 1100

  operator: 'match'
  stack: |-
    TestContext.<anonymous> (file:///tmp/gh-issue-solver-1778345747770/tests/workflow-refresh.test.mjs:59:10)
    async Test.run (node:internal/test_runner/test:797:9)
    async Test.processPendingSubtests (node:internal/test_runner/test:526:7)
  ...
1..3
# tests 3
# suites 0
# pass 2
# fail 1
# cancelled 0
# skipped 0
# todo 0
# duration_ms 57.104383
