Refresh Official Sources	UNKNOWN STEP	2026-05-09T10:51:18.4827227Z + git add docs
Refresh Official Sources	UNKNOWN STEP	2026-05-09T10:51:18.4827975Z Staging generated docs and cache for commit: Refresh generated law pages (chunk 1)
Refresh Official Sources	UNKNOWN STEP	2026-05-09T10:51:18.6356833Z + git add -f data/laws.discovered.lino data/regional-sources.discovered.lino
Refresh Official Sources	UNKNOWN STEP	2026-05-09T10:51:18.6487233Z + '[' -d data/cache ']'
Refresh Official Sources	UNKNOWN STEP	2026-05-09T10:51:18.6487747Z Staging data/cache
Refresh Official Sources	UNKNOWN STEP	2026-05-09T10:51:18.6488322Z + echo 'Staging data/cache'
Refresh Official Sources	UNKNOWN STEP	2026-05-09T10:51:18.6488677Z + git add data/cache
Refresh Official Sources	UNKNOWN STEP	2026-05-09T10:51:18.7679902Z + git diff --cached --quiet
Refresh Official Sources	UNKNOWN STEP	2026-05-09T10:51:18.7716576Z + git commit -m 'Refresh generated law pages (chunk 1)'
Refresh Official Sources	UNKNOWN STEP	2026-05-09T10:51:18.8009605Z [main 53fbbea] Refresh generated law pages (chunk 1)
Refresh Official Sources	UNKNOWN STEP	2026-05-09T10:51:18.8010219Z  129 files changed, 151059 insertions(+)
Refresh Official Sources	UNKNOWN STEP	2026-05-09T10:51:18.8010895Z  create mode 100644 data/cache/laws/the-airports-economic-regulatory-authority-of-india-act-2008.lino
Refresh Official Sources	UNKNOWN STEP	2026-05-09T10:51:18.8011688Z  create mode 100644 data/cache/laws/the-aligarh-muslim-university-act-1920.lino
Refresh Official Sources	UNKNOWN STEP	2026-05-09T10:51:18.8012309Z  create mode 100644 data/cache/laws/the-anand-marriage-act-1909.lino
Refresh Official Sources	UNKNOWN STEP	2026-05-09T10:51:18.8013135Z  create mode 100644 data/cache/laws/the-ancient-monuments-preservation-act-1904.lino
Refresh Official Sources	UNKNOWN STEP	2026-05-09T10:51:18.8014440Z  create mode 100644 data/cache/laws/the-andhra-pradesh-and-mysore-transfer-of-territory-act-1968.lino
Refresh Official Sources	UNKNOWN STEP	2026-05-09T10:51:18.8015278Z  create mode 100644 data/cache/laws/the-antiquities-and-art-treasures-act-1972.lino
Refresh Official Sources	UNKNOWN STEP	2026-05-09T10:51:18.8015967Z  create mode 100644 data/cache/laws/the-assam-alteration-of-boundaries-act-1951.lino
Refresh Official Sources	UNKNOWN STEP	2026-05-09T10:51:18.8016979Z  create mode 100644 data/cache/laws/the-authoritative-texts-central-laws-act-1973.lino
Refresh Official Sources	UNKNOWN STEP	2026-05-09T10:51:18.8017902Z  create mode 100644 data/cache/laws/the-banking-companies-acquisition-and-transfer-of-undertakings-act-1980.lino
Refresh Official Sources	UNKNOWN STEP	2026-05-09T10:51:18.8018741Z  create mode 100644 data/cache/laws/the-bihar-value-added-tax-act-2005.lino
Refresh Official Sources	UNKNOWN STEP	2026-05-09T10:51:18.8019336Z  create mode 100644 data/cache/laws/the-bombay-civil-courts-act-1869.lino
Refresh Official Sources	UNKNOWN STEP	2026-05-09T10:51:18.8019934Z  create mode 100644 data/cache/laws/the-border-security-force-act-1968.lino
Refresh Official Sources	UNKNOWN STEP	2026-05-09T10:51:18.8020511Z  create mode 100644 data/cache/laws/the-brahmaputra-board-act-1980.lino
Refresh Official Sources	UNKNOWN STEP	2026-05-09T10:51:18.8021186Z  create mode 100644 data/cache/laws/the-cable-television-networks-regulation-act-1995.lino
Refresh Official Sources	UNKNOWN STEP	2026-05-09T10:51:18.8022092Z  create mode 100644 data/cache/laws/the-calcutta-port-pilotage-act-1948.lino
Refresh Official Sources	UNKNOWN STEP	2026-05-09T10:51:18.8022770Z  create mode 100644 data/cache/laws/the-cantonments-extension-of-rent-control-laws-act-1957.lino
Refresh Official Sources	UNKNOWN STEP	2026-05-09T10:51:18.8023420Z  create mode 100644 data/cache/laws/the-cinematograph-act-1952.lino
Refresh Official Sources	UNKNOWN STEP	2026-05-09T10:51:18.8023879Z  create mode 100644 data/cache/laws/the-code-on-wages-2019.lino
Refresh Official Sources	UNKNOWN STEP	2026-05-09T10:51:18.8024298Z  create mode 100644 data/cache/laws/the-coffee-act-1942.lino
Refresh Official Sources	UNKNOWN STEP	2026-05-09T10:51:18.8024732Z  create mode 100644 data/cache/laws/the-coir-industry-act-1953.lino
Refresh Official Sources	UNKNOWN STEP	2026-05-09T10:51:18.8025294Z  create mode 100644 data/cache/laws/the-companies-donations-to-national-funds-act-1951.lino
Refresh Official Sources	UNKNOWN STEP	2026-05-09T10:51:18.8025943Z  create mode 100644 data/cache/laws/the-competition-act-2002.lino
Refresh Official Sources	UNKNOWN STEP	2026-05-09T10:51:18.8026960Z  create mode 100644 data/cache/laws/the-conservation-of-foreign-exchange-and-prevention-of-smuggling-activities-act-1974.lino
Refresh Official Sources	UNKNOWN STEP	2026-05-09T10:51:18.8027878Z  create mode 100644 data/cache/laws/the-contingency-fund-of-india-act-1950.lino
Refresh Official Sources	UNKNOWN STEP	2026-05-09T10:51:18.8028418Z  create mode 100644 data/cache/laws/the-cutchi-memons-act-1938.lino
Refresh Official Sources	UNKNOWN STEP	2026-05-09T10:51:18.8029155Z  create mode 100644 data/cache/laws/the-dalmia-dadri-cement-limited-acquisition-and-transfer-of-undertakings-act-1981.lino
Refresh Official Sources	UNKNOWN STEP	2026-05-09T10:51:18.8029946Z  create mode 100644 data/cache/laws/the-delhi-motor-vehicles-taxation-act-1962.lino
Refresh Official Sources	UNKNOWN STEP	2026-05-09T10:51:18.8030474Z  create mode 100644 data/cache/laws/the-depositories-act-1996.lino
Refresh Official Sources	UNKNOWN STEP	2026-05-09T10:51:18.8031097Z  create mode 100644 data/cache/laws/the-diplomatic-and-consular-officers-oaths-and-fees-act-1948.lino
Refresh Official Sources	UNKNOWN STEP	2026-05-09T10:51:18.8031790Z  create mode 100644 data/cache/laws/the-dissolution-of-muslim-marriages-act-1939.lino
Refresh Official Sources	UNKNOWN STEP	2026-05-09T10:51:18.8032349Z  create mode 100644 data/cache/laws/the-drugs-and-cosmetics-act-1940.lino
Refresh Official Sources	UNKNOWN STEP	2026-05-09T10:51:18.8033077Z  create mode 100644 data/cache/laws/the-east-punjab-urban-rent-restriction-act-extension-to-chandigarh-act-1974.lino
Refresh Official Sources	UNKNOWN STEP	2026-05-09T10:51:18.8033858Z  create mode 100644 data/cache/laws/the-election-laws-extension-to-sikkim-act-1976.lino
Refresh Official Sources	UNKNOWN STEP	2026-05-09T10:51:18.8034417Z  create mode 100644 data/cache/laws/the-epidemic-diseases-act-1897.lino
Refresh Official Sources	UNKNOWN STEP	2026-05-09T10:51:18.8035105Z  create mode 100644 data/cache/laws/the-footwear-design-and-development-institute-act-2017.lino
Refresh Official Sources	UNKNOWN STEP	2026-05-09T10:51:18.8035699Z  create mode 100644 data/cache/laws/the-general-clauses-act-1897.lino
Refresh Official Sources	UNKNOWN STEP	2026-05-09T10:51:18.8036137Z  create mode 100644 data/cache/laws/the-gift-tax-act-1958.lino
Refresh Official Sources	UNKNOWN STEP	2026-05-09T10:51:18.8036973Z  create mode 100644 data/cache/laws/the-gold-bonds-immunities-and-exemptions-act-1993.lino
Refresh Official Sources	UNKNOWN STEP	2026-05-09T10:51:18.8037624Z  create mode 100644 data/cache/laws/the-government-buildings-act-1899.lino
Refresh Official Sources	UNKNOWN STEP	2026-05-09T10:51:18.8038188Z  create mode 100644 data/cache/laws/the-government-of-union-territories-act-1963.lino
Refresh Official Sources	UNKNOWN STEP	2026-05-09T10:51:18.8038780Z  create mode 100644 data/cache/laws/the-government-savings-promotion-act-1873.lino
Refresh Official Sources	UNKNOWN STEP	2026-05-09T10:51:18.8039310Z  create mode 100644 data/cache/laws/the-high-courts-seals-act-1950.lino
Refresh Official Sources	UNKNOWN STEP	2026-05-09T10:51:18.8039870Z  create mode 100644 data/cache/laws/the-hindu-adoptions-and-maintenance-act-1956.lino
Refresh Official Sources	UNKNOWN STEP	2026-05-09T10:51:18.8040844Z  create mode 100644 data/cache/laws/the-human-immunodeficiency-virus-and-acquired-immune-deficiency-syndrome-prevention-and-control-act-2017.lino
Refresh Official Sources	UNKNOWN STEP	2026-05-09T10:51:18.8041771Z  create mode 100644 data/cache/laws/the-indian-institute-of-management-act-2017.lino
Refresh Official Sources	UNKNOWN STEP	2026-05-09T10:51:18.8042425Z  create mode 100644 data/cache/laws/the-indian-institute-of-petroleum-and-energy-act-2017.lino
Refresh Official Sources	UNKNOWN STEP	2026-05-09T10:51:18.8043145Z  create mode 100644 data/cache/laws/the-indian-institutes-of-information-technology-act-2014.lino
Refresh Official Sources	UNKNOWN STEP	2026-05-09T10:51:18.8044030Z  create mode 100644 data/cache/laws/the-indian-institutes-of-information-technology-public-private-partnership-act-2017.lino
Refresh Official Sources	UNKNOWN STEP	2026-05-09T10:51:18.8044797Z  create mode 100644 data/cache/laws/the-indian-reserve-forces-act-1888.lino
Refresh Official Sources	UNKNOWN STEP	2026-05-09T10:51:18.8045288Z  create mode 100644 data/cache/laws/the-indian-tolls-act-1864.lino
Refresh Official Sources	UNKNOWN STEP	2026-05-09T10:51:18.8045858Z  create mode 100644 data/cache/laws/the-indian-treasure-trove-act-1878.lino
Refresh Official Sources	UNKNOWN STEP	2026-05-09T10:51:18.8046345Z  create mode 100644 data/cache/laws/the-indian-trust-act-1882.lino
Refresh Official Sources	UNKNOWN STEP	2026-05-09T10:51:18.8047054Z  create mode 100644 data/cache/laws/the-insurance-act-1938.lino
Refresh Official Sources	UNKNOWN STEP	2026-05-09T10:51:18.8047764Z  create mode 100644 data/cache/laws/the-integrated-goods-and-services-tax-extension-to-jammu-and-kashmir-act-2017.lino
Refresh Official Sources	UNKNOWN STEP	2026-05-09T10:51:18.8048690Z  create mode 100644 data/cache/laws/the-inter-services-organisations-command-control-and-discipline-act-2023.lino
Refresh Official Sources	UNKNOWN STEP	2026-05-09T10:51:18.8049471Z  create mode 100644 data/cache/laws/the-international-monetary-fund-and-bank-act-1945.lino
Refresh Official Sources	UNKNOWN STEP	2026-05-09T10:51:18.8050401Z  create mode 100644 data/cache/laws/the-jammu-and-kashmir-representation-of-the-people-supplementary-act-1968-3-of-1968.lino
Refresh Official Sources	UNKNOWN STEP	2026-05-09T10:51:18.8051366Z  create mode 100644 data/cache/laws/the-juvenile-justice-care-and-protection-of-children-act-2015.lino
Refresh Official Sources	UNKNOWN STEP	2026-05-09T10:51:18.8052041Z  create mode 100644 data/cache/laws/the-khaddar-protection-of-name-act-1950.lino
Refresh Official Sources	UNKNOWN STEP	2026-05-09T10:51:18.8052918Z  create mode 100644 data/cache/laws/the-leaders-and-chief-whips-of-recognised-parties-and-groups-in-parliament-facilities-act-1998.lino
Refresh Official Sources	UNKNOWN STEP	2026-05-09T10:51:18.8053771Z  create mode 100644 data/cache/laws/the-legal-representatives-suits-act-1855.lino
Refresh Official Sources	UNKNOWN STEP	2026-05-09T10:51:18.8054508Z  create mode 100644 data/cache/laws/the-legislative-assembly-of-nagaland-change-in-representation-act-1968.lino
Refresh Official Sources	UNKNOWN STEP	2026-05-09T10:51:18.8055209Z  create mode 100644 data/cache/laws/the-live-stock-importation-act-1898.lino
Refresh Official Sources	UNKNOWN STEP	2026-05-09T10:51:18.8055746Z  create mode 100644 data/cache/laws/the-madras-city-civil-court-act-1892.lino
Refresh Official Sources	UNKNOWN STEP	2026-05-09T10:51:18.8056268Z  create mode 100644 data/cache/laws/the-madras-civil-courts-act-1873.lino
Refresh Official Sources	UNKNOWN STEP	2026-05-09T10:51:18.8057095Z  create mode 100644 data/cache/laws/the-majority-act-1875.lino
Refresh Official Sources	UNKNOWN STEP	2026-05-09T10:51:18.8057715Z  create mode 100644 data/cache/laws/the-manoeuvres-field-firing-and-artillery-practice-act-1938.lino
Refresh Official Sources	UNKNOWN STEP	2026-05-09T10:51:18.8058357Z  create mode 100644 data/cache/laws/the-maritime-anti-piracy-act-2022.lino
Refresh Official Sources	UNKNOWN STEP	2026-05-09T10:51:18.8058992Z  create mode 100644 data/cache/laws/the-marking-of-heavy-packages-act-1951.lino
Refresh Official Sources	UNKNOWN STEP	2026-05-09T10:51:18.8059535Z  create mode 100644 data/cache/laws/the-married-womens-property-act-1874.lino
Refresh Official Sources	UNKNOWN STEP	2026-05-09T10:51:18.8060049Z  create mode 100644 data/cache/laws/the-mental-healthcare-act-2017.lino
Refresh Official Sources	UNKNOWN STEP	2026-05-09T10:51:18.8060672Z  create mode 100644 data/cache/laws/the-muslim-women-protection-of-rights-on-marriage-act-2019.lino
Refresh Official Sources	UNKNOWN STEP	2026-05-09T10:51:18.8061316Z  create mode 100644 data/cache/laws/the-nagaland-university-act-1989.lino
Refresh Official Sources	UNKNOWN STEP	2026-05-09T10:51:18.8061837Z  create mode 100644 data/cache/laws/the-national-green-tribunal-act-2010.lino
Refresh Official Sources	UNKNOWN STEP	2026-05-09T10:51:18.8062368Z  create mode 100644 data/cache/laws/the-national-housing-bank-act-1987.lino
Refresh Official Sources	UNKNOWN STEP	2026-05-09T10:51:18.8062913Z  create mode 100644 data/cache/laws/the-national-medical-commission-act-2019.lino
Refresh Official Sources	UNKNOWN STEP	2026-05-09T10:51:18.8063968Z  create mode 100644 data/cache/laws/the-national-trust-for-welfare-of-persons-with-autism-cerebral-palsy-mental-retardation-and-multiple-disabilities-act-1999.lino
Refresh Official Sources	UNKNOWN STEP	2026-05-09T10:51:18.8065023Z  create mode 100644 data/cache/laws/the-north-eastern-areas-reorganisation-act-1971.lino
Refresh Official Sources	UNKNOWN STEP	2026-05-09T10:51:18.8065659Z  create mode 100644 data/cache/laws/the-northern-india-canal-and-drainage-act-1873.lino
Refresh Official Sources	UNKNOWN STEP	2026-05-09T10:51:18.8066175Z  create mode 100644 data/cache/laws/the-oaths-act-1969.lino
Refresh Official Sources	UNKNOWN STEP	2026-05-09T10:51:18.8067039Z  create mode 100644 data/cache/laws/the-parliamentary-proceedings-protection-of-publication-act-1977.lino
Refresh Official Sources	UNKNOWN STEP	2026-05-09T10:51:18.8067738Z  create mode 100644 data/cache/laws/the-parsi-marriage-and-divorce-act-1936.lino
Refresh Official Sources	UNKNOWN STEP	2026-05-09T10:51:18.8068402Z  create mode 100644 data/cache/laws/the-presidential-and-vice-presidential-elections-act-1952.lino
Refresh Official Sources	UNKNOWN STEP	2026-05-09T10:51:18.8069084Z  create mode 100644 data/cache/laws/the-prevention-of-cruelty-to-animals-act-1960.lino
Refresh Official Sources	UNKNOWN STEP	2026-05-09T10:51:18.8069606Z  create mode 100644 data/cache/laws/the-prisons-act-1894.lino
Refresh Official Sources	UNKNOWN STEP	2026-05-09T10:51:18.8070156Z  create mode 100644 data/cache/laws/the-probation-of-offenders-act-1958.lino
Refresh Official Sources	UNKNOWN STEP	2026-05-09T10:51:18.8070795Z  create mode 100644 data/cache/laws/the-prohibition-of-benami-property-transactions-act-1988.lino
Refresh Official Sources	UNKNOWN STEP	2026-05-09T10:51:18.8071459Z  create mode 100644 data/cache/laws/the-prohibition-of-child-marriage-act-2006.lino
Refresh Official Sources	UNKNOWN STEP	2026-05-09T10:51:18.8071975Z  create mode 100644 data/cache/laws/the-public-debt-act-1944.lino
Refresh Official Sources	UNKNOWN STEP	2026-05-09T10:51:18.8072607Z  create mode 100644 data/cache/laws/the-public-premises-eviction-of-unauthorised-occupants-act-1971.lino
Refresh Official Sources	UNKNOWN STEP	2026-05-09T10:51:18.8073271Z  create mode 100644 data/cache/laws/the-punjab-disturbed-areas-act-1983.lino
Refresh Official Sources	UNKNOWN STEP	2026-05-09T10:51:18.8074034Z  create mode 100644 data/cache/laws/the-punjab-municipal-corporation-law-extension-to-chandigarh-act-1994.lino
Refresh Official Sources	UNKNOWN STEP	2026-05-09T10:51:18.8074787Z  create mode 100644 data/cache/laws/the-railway-claims-tribunal-act-1987.lino
Refresh Official Sources	UNKNOWN STEP	2026-05-09T10:51:18.8075476Z  create mode 100644 data/cache/laws/the-rajiv-gandhi-national-institute-of-youth-development-act-2012.lino
Refresh Official Sources	UNKNOWN STEP	2026-05-09T10:51:18.8076150Z  create mode 100644 data/cache/laws/the-rajiv-gandhi-university-act-2006.lino
Refresh Official Sources	UNKNOWN STEP	2026-05-09T10:51:18.8076907Z  create mode 100644 data/cache/laws/the-reciprocity-act-1943.lino
Refresh Official Sources	UNKNOWN STEP	2026-05-09T10:51:18.8077460Z  create mode 100644 data/cache/laws/the-regional-centre-for-biotechnology-act-2016.lino
Refresh Official Sources	UNKNOWN STEP	2026-05-09T10:51:18.8078030Z  create mode 100644 data/cache/laws/the-religious-endowments-act-1863.lino
Refresh Official Sources	UNKNOWN STEP	2026-05-09T10:51:18.8078544Z  create mode 100644 data/cache/laws/the-religious-societies-act-1880.lino
Refresh Official Sources	UNKNOWN STEP	2026-05-09T10:51:18.8079063Z  create mode 100644 data/cache/laws/the-repealing-and-amending-act-2017.lino
Refresh Official Sources	UNKNOWN STEP	2026-05-09T10:51:18.8079591Z  create mode 100644 data/cache/laws/the-repealing-and-amending-act-2023.lino
Refresh Official Sources	UNKNOWN STEP	2026-05-09T10:51:18.8080154Z  create mode 100644 data/cache/laws/the-repealing-and-amending-second-act-2017.lino
Refresh Official Sources	UNKNOWN STEP	2026-05-09T10:51:18.8080867Z  create mode 100644 data/cache/laws/the-requisitioning-and-acquisition-of-immovable-property-act-1952.lino
Refresh Official Sources	UNKNOWN STEP	2026-05-09T10:51:18.8081528Z  create mode 100644 data/cache/laws/the-revenue-recovery-act-1890.lino
Refresh Official Sources	UNKNOWN STEP	2026-05-09T10:51:18.8082197Z  create mode 100644 data/cache/laws/the-rights-of-persons-with-disabilities-act-2016.lino
Refresh Official Sources	UNKNOWN STEP	2026-05-09T10:51:18.8082922Z  create mode 100644 data/cache/laws/the-salaries-and-allowances-of-officers-of-parliament-act-1953.lino
Refresh Official Sources	UNKNOWN STEP	2026-05-09T10:51:18.8083641Z  create mode 100644 data/cache/laws/the-scheduled-areas-assimilation-of-laws-act-1953.lino
Refresh Official Sources	UNKNOWN STEP	2026-05-09T10:51:18.8084248Z  create mode 100644 data/cache/laws/the-seaward-artillery-practice-act-1949.lino
Refresh Official Sources	UNKNOWN STEP	2026-05-09T10:51:18.8084875Z  create mode 100644 data/cache/laws/the-securities-and-exchange-board-of-india-act-1992.lino
Refresh Official Sources	UNKNOWN STEP	2026-05-09T10:51:18.8086147Z  create mode 100644 data/cache/laws/the-securitisation-and-reconstruction-of-financial-assets-and-enforcement-of-security-interest-act-2002.lino
Refresh Official Sources	UNKNOWN STEP	2026-05-09T10:51:18.8087888Z  create mode 100644 data/cache/laws/the-shillong-rifle-range-and-umlong-cantonments-assimilation-of-laws-act-1954.lino
Refresh Official Sources	UNKNOWN STEP	2026-05-09T10:51:18.8089009Z  create mode 100644 data/cache/laws/the-specified-bank-notes-cessation-of-liabilities-act-2017.lino
Refresh Official Sources	UNKNOWN STEP	2026-05-09T10:51:18.8090020Z  create mode 100644 data/cache/laws/the-sports-broadcasting-signals-mandatory-sharing-with-prasarbharati-act-2007.lino
Refresh Official Sources	UNKNOWN STEP	2026-05-09T10:51:18.8090743Z  create mode 100644 data/cache/laws/the-stage-carriages-act-1861.lino
Refresh Official Sources	UNKNOWN STEP	2026-05-09T10:51:18.8091257Z  create mode 100644 data/cache/laws/the-sugar-development-fund-act-1982.lino
Refresh Official Sources	UNKNOWN STEP	2026-05-09T10:51:18.8091998Z  create mode 100644 data/cache/laws/the-suppression-of-unlawful-acts-against-safety-of-civil-aviation-act-1982.lino
Refresh Official Sources	UNKNOWN STEP	2026-05-09T10:51:18.8092919Z  create mode 100644 data/cache/laws/the-supreme-court-enlargement-of-criminal-appellate-jurisdiction-act-1970.lino
Refresh Official Sources	UNKNOWN STEP	2026-05-09T10:51:18.8093796Z  create mode 100644 data/cache/laws/the-supreme-court-judges-salaries-and-conditions-of-service-act-1958.lino
Refresh Official Sources	UNKNOWN STEP	2026-05-09T10:51:18.8094830Z  create mode 100644 data/cache/laws/the-taxation-laws-continuation-and-validation-of-recovery-proceedings-act-1964.lino
Refresh Official Sources	UNKNOWN STEP	2026-05-09T10:51:18.8095507Z  create mode 100644 data/cache/laws/the-tea-act-1953.lino
Refresh Official Sources	UNKNOWN STEP	2026-05-09T10:51:18.8095957Z  create mode 100644 data/cache/laws/the-tezpur-university-act-1993.lino
Refresh Official Sources	UNKNOWN STEP	2026-05-09T10:51:18.8096464Z  create mode 100644 data/cache/laws/the-transfer-of-property-act-1882.lino
Refresh Official Sources	UNKNOWN STEP	2026-05-09T10:51:18.8097504Z  create mode 100644 data/cache/laws/the-tyre-corporation-of-india-limited-disinvestment-of-ownership-act-2007.lino
Refresh Official Sources	UNKNOWN STEP	2026-05-09T10:51:18.8098197Z  create mode 100644 data/cache/laws/the-victoria-memorial-act-1903.lino
Refresh Official Sources	UNKNOWN STEP	2026-05-09T10:51:18.8098659Z  create mode 100644 data/cache/laws/the-wealth-tax-act-1957.lino
Refresh Official Sources	UNKNOWN STEP	2026-05-09T10:51:18.8099208Z  create mode 100644 data/cache/laws/the-works-of-defence-act-1903.lino
Refresh Official Sources	UNKNOWN STEP	2026-05-09T10:51:18.8099628Z  create mode 100644 data/cache/refresh-status.lino
Refresh Official Sources	UNKNOWN STEP	2026-05-09T10:51:18.8100020Z  create mode 100644 data/laws.discovered.lino
Refresh Official Sources	UNKNOWN STEP	2026-05-09T10:51:18.8100383Z  create mode 100644 data/regional-sources.discovered.lino
Refresh Official Sources	UNKNOWN STEP	2026-05-09T10:51:18.8100751Z + git push origin HEAD:main
Refresh Official Sources	UNKNOWN STEP	2026-05-09T10:51:20.4814093Z To https://github.com/Svetozar-Technologies/indian-law
Refresh Official Sources	UNKNOWN STEP	2026-05-09T10:51:20.4814646Z    dfe1133..53fbbea  HEAD -> main
Refresh Official Sources	UNKNOWN STEP	2026-05-09T10:51:20.4859439Z + '[' 1 -eq 0 ']'
Refresh Official Sources	UNKNOWN STEP	2026-05-09T10:51:20.4880217Z ##[error]Refresh failed with exit code 1.
Refresh Official Sources	UNKNOWN STEP	2026-05-09T10:51:20.4887718Z + '[' 1 -ne 75 ']'
Refresh Official Sources	UNKNOWN STEP	2026-05-09T10:51:20.4888078Z + echo '::error::Refresh failed with exit code 1.'
Refresh Official Sources	UNKNOWN STEP	2026-05-09T10:51:20.4888374Z + exit 1
Refresh Official Sources	UNKNOWN STEP	2026-05-09T10:51:20.4890246Z ##[error]Process completed with exit code 1.
