{
  "title": "The National Food Security Act, 2013",
  "handle": "2113",
  "sectionCount": 45,
  "sources": {
    "en": [
      {
        "kind": "html",
        "url": "https://www.indiacode.nic.in/handle/123456789/2113"
      },
      {
        "kind": "pdf",
        "url": "https://www.indiacode.nic.in/bitstream/123456789/2113/1/201320.pdf",
        "title": "The National Food Security Act, 2013"
      }
    ],
    "hi": [
      {
        "kind": "pdf",
        "url": "https://www.indiacode.nic.in/bitstream/123456789/2113/3/H2013-20.pdf",
        "title": "राष्‍ट्रीय खाद्य सुरक्षा अधिनियम, 2013"
      }
    ]
  }
}
