2026-05-10T17:38:46.485Z [build-site] info: [42/845] Extracted 3/3 page(s) of English Markdown text for The Improvements in Towns Act, 1850
2026-05-10T17:40:25.040Z [build-site] warn: [346/845] No extractable text found in Hindi PDF for The Maritime Anti-Piracy Act, 2022.: https://www.indiacode.nic.in/bitstream/123456789/19621/2/h20233.pdf
2026-05-10T17:40:41.275Z [build-site] info: [394/845] Extracted 58/58 page(s) of English Markdown text for The Gift-tax Act, 1958
2026-05-10T17:40:56.700Z [build-site] info: [439/845] Extracted 113/113 page(s) of English Markdown text for The Wealth-tax Act, 1957
2026-05-10T17:41:00.636Z [build-site] warn: [447/845] No extractable text found in Hindi PDF for The Footwear Design and Development Institute Act, 2017: https://www.indiacode.nic.in/bitstream/123456789/2255/3/H2017-20.pdf
2026-05-10T17:41:10.581Z [build-site] warn: [475/845] No extractable text found in Hindi PDF for The Dadra and Nagar Haveli and Daman and Diu (Merger of Union territories) Act, 2019: https://www.indiacode.nic.in/bitstream/123456789/13079/2/H2019-44.pdf
2026-05-10T17:41:19.753Z [build-site] info: [499/845] Extracted 1/1 page(s) of English Markdown text for The Bengal Land Holder's Attendance Act, 1848
2026-05-10T17:41:20.602Z [build-site] info: [501/845] Extracted 2/2 page(s) of English Markdown text for The Boundary-Marks, Bombay 1846
2026-05-10T17:41:21.913Z [build-site] info: [505/845] Extracted 1/1 page(s) of English Markdown text for The Revenue Commissioners, Bombay Act, 1842
2026-05-10T17:41:22.765Z [build-site] info: [507/845] Extracted 3/3 page(s) of English Markdown text for The Revenue, Bombay, 1842
2026-05-10T17:41:29.038Z [build-site] info: [527/845] Extracted 1/1 page(s) of English Markdown text for The Bengal Indigo Contracts Act, 1836
2026-05-10T17:41:35.086Z [build-site] info: [544/845] Extracted 24/24 page(s) of English Markdown text for The King of Oudh's Estate Validation Act, 1917
2026-05-10T17:41:35.668Z [build-site] info: [545/845] Extracted 11/11 page(s) of English Markdown text for The Multimodal Transportation of Goods Act, 1993
2026-05-10T17:41:36.083Z [build-site] info: [546/845] Extracted 17/17 page(s) of English Markdown text for The Foreign Trade (Development and Regulation) Act, 1992
2026-05-10T17:41:36.720Z [build-site] info: [547/845] Extracted 9/9 page(s) of English Markdown text for The Special Court (Trial of Offences Relating to Transactions in Securities) Act, 1992
2026-05-10T17:41:37.581Z [build-site] info: [548/845] Extracted 41/41 page(s) of English Markdown text for The Indo-Tibetan Border Police Force Act, 1992
2026-05-10T17:41:45.135Z [build-site] info: [549/845] Extracted 880/880 page(s) of English Markdown text for The Income-tax Act, 1961
2026-05-10T17:41:46.737Z [build-site] info: [550/845] Extracted 8/8 page(s) of English Markdown text for The Northern Indian Ferries Act, 1878
2026-05-10T17:41:47.426Z [build-site] info: [551/845] Extracted 6/6 page(s) of English Markdown text for The Tokyo Convention Act, 1975
2026-05-10T17:41:47.979Z [build-site] info: [552/845] Extracted 3/3 page(s) of English Markdown text for The Kazis Act, 1880
2026-05-10T17:41:48.306Z [build-site] info: [553/845] Extracted 5/5 page(s) of English Markdown text for The Transfer of Prisoners Act, 1950
2026-05-10T17:41:49.024Z [build-site] info: [554/845] Extracted 18/18 page(s) of English Markdown text for The Rajiv Gandhi National Aviation University Act, 2013
2026-05-10T17:41:49.691Z [build-site] info: [555/845] Extracted 15/15 page(s) of English Markdown text for The Agricultural and Processed Food Products Export Development Authority Act, 1985
2026-05-10T17:41:50.273Z [build-site] info: [556/845] Extracted 6/6 page(s) of English Markdown text for The African Development Fund Act, 1982
2026-05-10T17:41:50.994Z [build-site] info: [557/845] Extracted 25/25 page(s) of English Markdown text for The Aadhaar (Targeted Delivery of Financial and Other Subsidies, Benefits and Services) Act, 2016.
2026-05-10T17:41:51.570Z [build-site] info: [558/845] Extracted 6/6 page(s) of English Markdown text for The African Development Bank Act, 1983
2026-05-10T17:41:52.209Z [build-site] info: [559/845] Extracted 11/11 page(s) of English Markdown text for The Acquisition of Certain Area at Ayodhya Act, 1993
2026-05-10T17:41:53.634Z [build-site] info: [560/845] Extracted 89/89 page(s) of English Markdown text for The Reserve Bank of India Act, 1934
2026-05-10T17:41:54.374Z [build-site] info: [561/845] Extracted 24/24 page(s) of English Markdown text for The Banning of Unregulated Deposit Schemes Act, 2019
2026-05-10T17:41:54.783Z [build-site] warn: [561/845] No extractable text found in Hindi PDF for The Banning of Unregulated Deposit Schemes Act, 2019: https://www.indiacode.nic.in/bitstream/123456789/11641/2/H2019-21.pdf
2026-05-10T17:41:55.611Z [build-site] info: [562/845] Extracted 28/28 page(s) of English Markdown text for The Indian Antarctic Act, 2022
2026-05-10T17:41:57.677Z [build-site] warn: [562/845] No extractable text found in Hindi PDF for The Indian Antarctic Act, 2022: https://www.indiacode.nic.in/bitstream/123456789/19581/2/h202213.pdf
2026-05-10T17:41:58.477Z [build-site] info: [563/845] Extracted 47/47 page(s) of English Markdown text for The Prevention of Money-Laundering Act, 2002
2026-05-10T17:41:59.150Z [build-site] info: [564/845] Extracted 7/7 page(s) of English Markdown text for The Agricultural Produce (Grading and Marking) Act, 1937
2026-05-10T17:42:00.245Z [build-site] info: [565/845] Extracted 76/76 page(s) of English Markdown text for The Andhra Pradesh Reorganisation Act, 2014
2026-05-10T17:42:01.167Z [build-site] info: [566/845] Extracted 32/32 page(s) of English Markdown text for The Unlawful Activities (Prevention) Act, 1967
2026-05-10T17:42:02.107Z [build-site] info: [567/845] Extracted 36/36 page(s) of English Markdown text for The Advocates Act, 1961
2026-05-10T17:42:02.821Z [build-site] info: [568/845] Extracted 16/16 page(s) of English Markdown text for The Administrators-General Act, 1963
2026-05-10T17:42:03.513Z [build-site] info: [569/845] Extracted 8/8 page(s) of English Markdown text for The Acquired Territories (Merger) Act, 1960
2026-05-10T17:42:04.126Z [build-site] info: [570/845] Extracted 21/21 page(s) of English Markdown text for The Foreign Exchange Management Act, 1999
2026-05-10T17:42:07.070Z [build-site] info: [571/845] Extracted 21/21 page(s) of English Markdown text for The Actuaries Act, 2006
2026-05-10T17:42:07.627Z [build-site] info: [572/845] Extracted 18/18 page(s) of English Markdown text for The Administrative Tribunals Act, 1985
2026-05-10T17:42:08.213Z [build-site] info: [573/845] Extracted 5/5 page(s) of English Markdown text for The Repealing and Amending Act, 2019
2026-05-10T17:42:08.798Z [build-site] warn: [573/845] No extractable text found in Hindi PDF for The Repealing and Amending Act, 2019: https://www.indiacode.nic.in/bitstream/123456789/11956/2/H2019-31.pdf
2026-05-10T17:42:09.584Z [build-site] info: [574/845] Extracted 16/16 page(s) of English Markdown text for The ADVOCATES’ WELFARE FUND ACT, 2001
2026-05-10T17:42:10.231Z [build-site] info: [575/845] Extracted 11/11 page(s) of English Markdown text for The Child and Adolescent Labour (Prohibition and Regulation) Act, 1986
2026-05-10T17:42:25.819Z [build-site] warn: [613/845] No extractable text found in Hindi PDF for The National Forensic Sciences University Act, 2020: https://www.indiacode.nic.in/bitstream/123456789/15623/3/H2020-32.pdf
2026-05-10T17:42:35.866Z [build-site] info: [641/845] Extracted 8/8 page(s) of English Markdown text for The Bombay Rent-free Estates Act, 1851
2026-05-10T17:42:36.422Z [build-site] info: [642/845] Extracted 3/3 page(s) of English Markdown text for The Madras City Land Revenue Act, 1851
2026-05-10T17:42:42.027Z [build-site] info: [659/845] Extracted 1/1 page(s) of English Markdown text for The Madras Board of Revenue,1849
2026-05-10T17:42:43.286Z [build-site] info: [662/845] Extracted 1/1 page(s) of English Markdown text for The Extending certain Acts to Straits Settlement , 1852
2026-05-10T17:42:46.689Z [build-site] warn: [673/845] No extractable text found in Hindi PDF for The Repealing and Amending Act, 2015: https://www.indiacode.nic.in/bitstream/123456789/12142/3/H2015-17.pdf
2026-05-10T17:42:51.210Z [build-site] info: [687/845] Extracted 3/3 page(s) of English Markdown text for The Shore Nuisances (Bombay and Kotaba) Act, 1853
2026-05-10T17:42:51.763Z [build-site] info: [688/845] Extracted 1/1 page(s) of English Markdown text for The Bengal Bonded Warehouse Association Act, 1854
2026-05-10T17:42:55.530Z [build-site] info: [700/845] Extracted 7/7 page(s) of English Markdown text for The Bengal Embankment Act, 1855
2026-05-10T17:42:56.012Z [build-site] info: [701/845] Extracted 2/2 page(s) of English Markdown text for The Rent Recovery Act, 1853
2026-05-10T17:42:58.784Z [build-site] warn: [708/845] No extractable text found in Hindi PDF for The Post Office Act, 2023: https://www.indiacode.nic.in/bitstream/123456789/20064/2/h202343.pdf
2026-05-10T17:43:00.210Z [build-site] warn: [709/845] No extractable text found in Hindi PDF for The Tribunals Reforms Act, 2021: https://www.indiacode.nic.in/bitstream/123456789/16901/2/h202133.pdf
2026-05-10T17:43:14.528Z [build-site] warn: [746/845] No extractable text found in Hindi PDF for The Punjab Laws Act, 1872: https://www.indiacode.nic.in/bitstream/123456789/19137/2/H1872-04.pdf
2026-05-10T17:43:23.790Z [build-site] warn: [771/845] No extractable text found in Hindi PDF for The School of Planning and Architecture Act, 2014: https://www.indiacode.nic.in/bitstream/123456789/2138/3/H2014-37.pdf
2026-05-10T17:43:33.903Z [build-site] info: [801/845] Extracted 4/4 page(s) of English Markdown text for The Deo Estate Act
2026-05-10T17:43:34.428Z [build-site] info: [802/845] Extracted 2/2 page(s) of English Markdown text for The City of Bombay Municipal (Supplementary) Act, 1888
2026-05-10T17:43:57.069Z [build-site] info: Site build completed in 5m 21s
Generated 845 law entries in docs
