TAP version 13
# Subtest: offline site build creates a React entry, Lino catalog, and markdown parts
ok 1 - offline site build creates a React entry, Lino catalog, and markdown parts # SKIP test name does not match pattern
  ---
  duration_ms: 1.117749
  ...
# Subtest: fetch site build reuses fresh cached law data instead of redownloading
ok 2 - fetch site build reuses fresh cached law data instead of redownloading # SKIP test name does not match pattern
  ---
  duration_ms: 0.141842
  ...
# Subtest: fetch site build converts cached Hindi PDF source into Markdown
ok 3 - fetch site build converts cached Hindi PDF source into Markdown # SKIP test name does not match pattern
  ---
  duration_ms: 0.124177
  ...
# Subtest: fetch site build falls back to English PDF text when cached HTML sections are empty
not ok 4 - fetch site build falls back to English PDF text when cached HTML sections are empty
  ---
  duration_ms: 382.485775
  location: '/tmp/gh-issue-solver-1778434045574/tests/build-site.test.mjs:244:1'
  failureType: 'testCodeFailure'
  error: "ENOENT: no such file or directory, open '/tmp/indian-law-english-pdf-FVTEUx/site/laws/en/pdf-backed-act/part-001.md'"
  code: 'ENOENT'
  stack: |-
    async open (node:internal/fs/promises:637:25)
    async readFile (node:internal/fs/promises:1249:14)
    async TestContext.<anonymous> (file:///tmp/gh-issue-solver-1778434045574/tests/build-site.test.mjs:330:22)
    async Test.run (node:internal/test_runner/test:797:9)
    async Test.processPendingSubtests (node:internal/test_runner/test:526:7)
  ...
# Subtest: fetch site build resumes an incomplete cached law without redownloading cached sections
ok 5 - fetch site build resumes an incomplete cached law without redownloading cached sections # SKIP test name does not match pattern
  ---
  duration_ms: 0.932092
  ...
# Subtest: fetch site build writes completed law cache and progress as Lino
ok 6 - fetch site build writes completed law cache and progress as Lino # SKIP test name does not match pattern
  ---
  duration_ms: 0.081361
  ...
# Subtest: fetch site build writes partial output when the runtime budget is exhausted
ok 7 - fetch site build writes partial output when the runtime budget is exhausted # SKIP test name does not match pattern
  ---
  duration_ms: 0.048272
  ...
# Subtest: fetch site build records per-law upstream failures as partial output
ok 8 - fetch site build records per-law upstream failures as partial output # SKIP test name does not match pattern
  ---
  duration_ms: 0.13382
  ...
1..8
# tests 8
# suites 0
# pass 0
# fail 1
# cancelled 0
# skipped 7
# todo 0
# duration_ms 454.136948
