137360:Refresh Official Sources	UNKNOWN STEP	2026-05-09T00:52:16.8322765Z  create mode 100644 docs/laws/en/the-orissa-alteration-of-name-act-2011/part-001.md
137361:Refresh Official Sources	UNKNOWN STEP	2026-05-09T00:52:16.8323336Z  create mode 100644 docs/laws/en/the-payment-and-settlement-systems-act-2007/part-001.md
137362:Refresh Official Sources	UNKNOWN STEP	2026-05-09T00:52:16.8323911Z  create mode 100644 docs/laws/en/the-presidency-small-cause-courts-act-1882/part-001.md
137363:Refresh Official Sources	UNKNOWN STEP	2026-05-09T00:52:16.8324720Z  create mode 100644 docs/laws/en/the-prohibition-of-employment-as-manual-scavengers-and-their-rehabilitation-act-2013/part-001.md
137364:Refresh Official Sources	UNKNOWN STEP	2026-05-09T00:52:16.8325479Z  create mode 100644 docs/laws/en/the-punjab-district-boards-act-1883/part-001.md
137365:Refresh Official Sources	UNKNOWN STEP	2026-05-09T00:52:16.8326015Z  create mode 100644 docs/laws/en/the-railway-protection-force-act-1957/part-001.md
137366:Refresh Official Sources	UNKNOWN STEP	2026-05-09T00:52:16.8326522Z  create mode 100644 docs/laws/en/the-rajghat-samadhi-act-1951/part-001.md
137367:Refresh Official Sources	UNKNOWN STEP	2026-05-09T00:52:16.8327063Z  create mode 100644 docs/laws/en/the-reserve-and-auxiliary-air-forces-act-1952/part-001.md
137368:Refresh Official Sources	UNKNOWN STEP	2026-05-09T00:52:16.8327829Z  create mode 100644 docs/laws/en/the-right-of-children-to-free-and-compulsory-education-act-2009/part-001.md
137369:Refresh Official Sources	UNKNOWN STEP	2026-05-09T00:52:16.8328896Z  create mode 100644 docs/laws/en/the-right-to-fair-compensation-and-transparency-in-land-acquisition-rehabilitation-and-resettlement-act-2013/part-001.md
137370:Refresh Official Sources	UNKNOWN STEP	2026-05-09T00:52:16.8330394Z  create mode 100644 docs/laws/en/the-right-to-fair-compensation-and-transparency-in-land-acquisition-rehabilitation-and-resettlement-act-2013/part-002.md
137371:Refresh Official Sources	UNKNOWN STEP	2026-05-09T00:52:16.8331357Z  create mode 100644 docs/laws/en/the-salaries-and-allowances-of-ministers-act-1952/part-001.md
137372:Refresh Official Sources	UNKNOWN STEP	2026-05-09T00:52:16.8331950Z  create mode 100644 docs/laws/en/the-sashastra-seema-bal-act-2007/part-001.md
137373:Refresh Official Sources	UNKNOWN STEP	2026-05-09T00:52:16.8332447Z  create mode 100644 docs/laws/en/the-sashastra-seema-bal-act-2007/part-002.md
137374:Refresh Official Sources	UNKNOWN STEP	2026-05-09T00:52:16.8333004Z  create mode 100644 docs/laws/en/the-scheduled-areas-assimilation-of-laws-act-1951/part-001.md
137375:Refresh Official Sources	UNKNOWN STEP	2026-05-09T00:52:16.8333573Z  create mode 100644 docs/laws/en/the-sikkim-university-act-2006/part-001.md
137376:Refresh Official Sources	UNKNOWN STEP	2026-05-09T00:52:16.8334049Z  create mode 100644 docs/laws/en/the-spices-board-act-1986/part-001.md
137377:Refresh Official Sources	UNKNOWN STEP	2026-05-09T00:52:16.8334576Z  create mode 100644 docs/laws/en/the-state-of-mizoram-act-1986/part-001.md
137378:Refresh Official Sources	UNKNOWN STEP	2026-05-09T00:52:16.8335358Z  create mode 100644 docs/laws/en/the-street-vendors-protection-of-livelihood-and-regulation-of-street-vending-act-2014/part-001.md
137379:Refresh Official Sources	UNKNOWN STEP	2026-05-09T00:52:16.8336406Z  create mode 100644 docs/laws/en/the-swadeshi-cotton-mills-company-limited-acquisition-and-transfer-of-undertakings-act-1986/part-001.md
137380:Refresh Official Sources	UNKNOWN STEP	2026-05-09T00:52:16.8337266Z  create mode 100644 docs/laws/en/the-transgender-persons-protection-of-rights-act-2019/part-001.md
137381:Refresh Official Sources	UNKNOWN STEP	2026-05-09T00:52:16.8337844Z  create mode 100644 docs/laws/en/the-tripura-university-act-2006/part-001.md
137382:Refresh Official Sources	UNKNOWN STEP	2026-05-09T00:52:16.8338380Z  create mode 100644 docs/laws/en/the-uttaranchal-alteration-of-name-act-2006/part-001.md
137383:Refresh Official Sources	UNKNOWN STEP	2026-05-09T00:52:18.4686233Z To https://github.com/Svetozar-Technologies/indian-law
137384:Refresh Official Sources	UNKNOWN STEP	2026-05-09T00:52:18.4736977Z    82a8c2c..94f37a4  HEAD -> main
137385:Refresh Official Sources	UNKNOWN STEP	2026-05-09T00:52:18.4737412Z + '[' 75 -eq 0 ']'
137386:Refresh Official Sources	UNKNOWN STEP	2026-05-09T00:52:18.4737720Z + '[' 75 -ne 75 ']'
137387:Refresh Official Sources	UNKNOWN STEP	2026-05-09T00:52:18.4738311Z Checkpoint reached; continuing from committed cached laws.
137388:Refresh Official Sources	UNKNOWN STEP	2026-05-09T00:52:18.4738816Z + echo 'Checkpoint reached; continuing from committed cached laws.'
137389:Refresh Official Sources	UNKNOWN STEP	2026-05-09T00:52:18.4739582Z + echo '::error::Refresh did not complete after 6 checkpoint chunks.'
137390:Refresh Official Sources	UNKNOWN STEP	2026-05-09T00:52:18.4740272Z + exit 1
137391:Refresh Official Sources	UNKNOWN STEP	2026-05-09T00:52:18.4760802Z ##[error]Refresh did not complete after 6 checkpoint chunks.
137392:Refresh Official Sources	UNKNOWN STEP	2026-05-09T00:52:18.4770346Z ##[error]Process completed with exit code 1.
137393:Refresh Official Sources	UNKNOWN STEP	2026-05-09T00:52:18.4869200Z Post job cleanup.
137394:Refresh Official Sources	UNKNOWN STEP	2026-05-09T00:52:18.5746232Z [command]/usr/bin/git version
137395:Refresh Official Sources	UNKNOWN STEP	2026-05-09T00:52:18.5818768Z git version 2.53.0
137396:Refresh Official Sources	UNKNOWN STEP	2026-05-09T00:52:18.5858706Z Temporarily overriding HOME='/home/runner/work/_temp/70fc05d1-818d-42da-b849-7b5d8e32d5ef' before making global git config changes
137397:Refresh Official Sources	UNKNOWN STEP	2026-05-09T00:52:18.5860300Z Adding repository directory to the temporary git global config as a safe directory
137398:Refresh Official Sources	UNKNOWN STEP	2026-05-09T00:52:18.5864800Z [command]/usr/bin/git config --global --add safe.directory /home/runner/work/indian-law/indian-law
137399:Refresh Official Sources	UNKNOWN STEP	2026-05-09T00:52:18.5898005Z Removing SSH command configuration
137400:Refresh Official Sources	UNKNOWN STEP	2026-05-09T00:52:18.5904328Z [command]/usr/bin/git config --local --name-only --get-regexp core\.sshCommand
137401:Refresh Official Sources	UNKNOWN STEP	2026-05-09T00:52:18.5940989Z [command]/usr/bin/git submodule foreach --recursive sh -c "git config --local --name-only --get-regexp 'core\.sshCommand' && git config --local --unset-all 'core.sshCommand' || :"
137402:Refresh Official Sources	UNKNOWN STEP	2026-05-09T00:52:18.6191632Z Removing HTTP extra header
137403:Refresh Official Sources	UNKNOWN STEP	2026-05-09T00:52:18.6196747Z [command]/usr/bin/git config --local --name-only --get-regexp http\.https\:\/\/github\.com\/\.extraheader
137404:Refresh Official Sources	UNKNOWN STEP	2026-05-09T00:52:18.6234783Z [command]/usr/bin/git submodule foreach --recursive sh -c "git config --local --name-only --get-regexp 'http\.https\:\/\/github\.com\/\.extraheader' && git config --local --unset-all 'http.https://github.com/.extraheader' || :"
137405:Refresh Official Sources	UNKNOWN STEP	2026-05-09T00:52:18.6481077Z Removing includeIf entries pointing to credentials config files
