1180:Refresh Official Sources	UNKNOWN STEP	2026-05-08T18:56:48.7607038Z ^[[36;1m  git commit -m "$message"^[[0m
1181:Refresh Official Sources	UNKNOWN STEP	2026-05-08T18:56:48.7607287Z ^[[36;1m  git push origin HEAD:main^[[0m
1206:Refresh Official Sources	UNKNOWN STEP	2026-05-08T18:56:48.7614234Z ^[[36;1m  echo "::group::Refresh chunk $chunk of $MAX_CHUNKS"^[[0m
1223:Refresh Official Sources	UNKNOWN STEP	2026-05-08T18:56:48.7630661Z ^[[36;1m  echo "Checkpoint reached; continuing from committed cached laws."^[[0m
1226:Refresh Official Sources	UNKNOWN STEP	2026-05-08T18:56:48.7631884Z ^[[36;1mecho "::error::Refresh did not complete after $MAX_CHUNKS checkpoint chunks."^[[0m
1262:Refresh Official Sources	UNKNOWN STEP	2026-05-08T18:56:48.7840108Z ##[group]Refresh chunk 1 of 6
1263:Refresh Official Sources	UNKNOWN STEP	2026-05-08T18:56:48.7840520Z + echo '::group::Refresh chunk 1 of 6'
21574:Refresh Official Sources	UNKNOWN STEP	2026-05-08T19:52:40.9523211Z 2026-05-08T19:52:40.952Z [build-site] warn: Generated partial 845 law entries in docs
21589:Refresh Official Sources	UNKNOWN STEP	2026-05-08T19:52:41.1398206Z + git commit -m 'Refresh generated law pages'
21710:Refresh Official Sources	UNKNOWN STEP	2026-05-08T19:52:41.2053641Z + git push origin HEAD:main
21715:Refresh Official Sources	UNKNOWN STEP	2026-05-08T19:52:42.7467044Z + echo 'Checkpoint reached; continuing from committed cached laws.'
21717:Refresh Official Sources	UNKNOWN STEP	2026-05-08T19:52:42.7467913Z + echo '::group::Refresh chunk 2 of 6'
21718:Refresh Official Sources	UNKNOWN STEP	2026-05-08T19:52:42.7468327Z Checkpoint reached; continuing from committed cached laws.
21719:Refresh Official Sources	UNKNOWN STEP	2026-05-08T19:52:42.7468995Z ##[group]Refresh chunk 2 of 6
44072:Refresh Official Sources	UNKNOWN STEP	2026-05-08T20:55:02.1913573Z 2026-05-08T20:55:01.804Z [build-site] warn: Generated partial 845 law entries in docs
44084:Refresh Official Sources	UNKNOWN STEP	2026-05-08T20:55:02.1915210Z + git commit -m 'Refresh generated law pages'
44085:Refresh Official Sources	UNKNOWN STEP	2026-05-08T20:55:02.1915315Z + git push origin HEAD:main
44213:Refresh Official Sources	UNKNOWN STEP	2026-05-08T20:55:03.8218371Z + echo 'Checkpoint reached; continuing from committed cached laws.'
44214:Refresh Official Sources	UNKNOWN STEP	2026-05-08T20:55:03.8219086Z Checkpoint reached; continuing from committed cached laws.
44215:Refresh Official Sources	UNKNOWN STEP	2026-05-08T20:55:03.8220267Z ##[group]Refresh chunk 3 of 6
44217:Refresh Official Sources	UNKNOWN STEP	2026-05-08T20:55:03.8221088Z + echo '::group::Refresh chunk 3 of 6'
65880:Refresh Official Sources	UNKNOWN STEP	2026-05-08T21:50:09.8384499Z 2026-05-08T21:50:09.838Z [build-site] warn: Generated partial 845 law entries in docs
65895:Refresh Official Sources	UNKNOWN STEP	2026-05-08T21:50:10.0702213Z + git commit -m 'Refresh generated law pages'
66045:Refresh Official Sources	UNKNOWN STEP	2026-05-08T21:50:10.1436880Z + git push origin HEAD:main
66050:Refresh Official Sources	UNKNOWN STEP	2026-05-08T21:50:11.7630518Z + echo 'Checkpoint reached; continuing from committed cached laws.'
66052:Refresh Official Sources	UNKNOWN STEP	2026-05-08T21:50:11.7631981Z + echo '::group::Refresh chunk 4 of 6'
66055:Refresh Official Sources	UNKNOWN STEP	2026-05-08T21:50:11.7635314Z Checkpoint reached; continuing from committed cached laws.
66056:Refresh Official Sources	UNKNOWN STEP	2026-05-08T21:50:11.7635949Z ##[group]Refresh chunk 4 of 6
88944:Refresh Official Sources	UNKNOWN STEP	2026-05-08T22:50:14.6523215Z 2026-05-08T22:50:14.652Z [build-site] warn: Generated partial 845 law entries in docs
88959:Refresh Official Sources	UNKNOWN STEP	2026-05-08T22:50:14.8970988Z + git commit -m 'Refresh generated law pages'
89065:Refresh Official Sources	UNKNOWN STEP	2026-05-08T22:50:14.9832773Z + git push origin HEAD:main
89070:Refresh Official Sources	UNKNOWN STEP	2026-05-08T22:50:16.5901414Z + echo 'Checkpoint reached; continuing from committed cached laws.'
89072:Refresh Official Sources	UNKNOWN STEP	2026-05-08T22:50:16.5902592Z + echo '::group::Refresh chunk 5 of 6'
89075:Refresh Official Sources	UNKNOWN STEP	2026-05-08T22:50:16.5905466Z Checkpoint reached; continuing from committed cached laws.
89076:Refresh Official Sources	UNKNOWN STEP	2026-05-08T22:50:16.5906107Z ##[group]Refresh chunk 5 of 6
111684:Refresh Official Sources	UNKNOWN STEP	2026-05-08T23:45:37.7111613Z 2026-05-08T23:45:37.711Z [build-site] warn: Generated partial 845 law entries in docs
111699:Refresh Official Sources	UNKNOWN STEP	2026-05-08T23:45:37.9661454Z + git commit -m 'Refresh generated law pages'
111818:Refresh Official Sources	UNKNOWN STEP	2026-05-08T23:45:38.0598083Z + git push origin HEAD:main
111823:Refresh Official Sources	UNKNOWN STEP	2026-05-08T23:45:39.5843580Z Checkpoint reached; continuing from committed cached laws.
111824:Refresh Official Sources	UNKNOWN STEP	2026-05-08T23:45:39.5844372Z + echo 'Checkpoint reached; continuing from committed cached laws.'
111826:Refresh Official Sources	UNKNOWN STEP	2026-05-08T23:45:39.5845271Z + echo '::group::Refresh chunk 6 of 6'
111829:Refresh Official Sources	UNKNOWN STEP	2026-05-08T23:45:39.5847957Z ##[group]Refresh chunk 6 of 6
137247:Refresh Official Sources	UNKNOWN STEP	2026-05-09T00:52:16.3926923Z 2026-05-09T00:52:16.392Z [build-site] warn: Generated partial 845 law entries in docs
137262:Refresh Official Sources	UNKNOWN STEP	2026-05-09T00:52:16.7198561Z + git commit -m 'Refresh generated law pages'
137293:Refresh Official Sources	UNKNOWN STEP	2026-05-09T00:52:16.8283397Z + git push origin HEAD:main
137387:Refresh Official Sources	UNKNOWN STEP	2026-05-09T00:52:18.4738311Z Checkpoint reached; continuing from committed cached laws.
137388:Refresh Official Sources	UNKNOWN STEP	2026-05-09T00:52:18.4738816Z + echo 'Checkpoint reached; continuing from committed cached laws.'
137389:Refresh Official Sources	UNKNOWN STEP	2026-05-09T00:52:18.4739582Z + echo '::error::Refresh did not complete after 6 checkpoint chunks.'
137391:Refresh Official Sources	UNKNOWN STEP	2026-05-09T00:52:18.4760802Z ##[error]Refresh did not complete after 6 checkpoint chunks.
137392:Refresh Official Sources	UNKNOWN STEP	2026-05-09T00:52:18.4770346Z ##[error]Process completed with exit code 1.
